
 Bank roll is   2000
Bet   50 on  [      25  ]  [      25  ]  [          ]
 Bank roll   1950
    0 :-------------------------------------------------------------
Bet   50 on  [      25  ]  [      25  ]  [          ]
 BALL is 28 black even
 Lose    50
 Bank roll   1800
    1 :-------------------------------------------------------------
Bet  150 on  [      75  ]  [      75  ]  [          ]
 BALL is 15 black  odd
 Win  225
 Bank roll   2025
 Peak roll   2025
    2 :-------------------------------------------------------------
Bet   50 on  [      25  ]  [          ]  [      25  ]
 BALL is 35 black  odd
 Win   75
 Bank roll   2100
 Peak roll   2100
    3 :-------------------------------------------------------------
Bet   50 on  [      25  ]  [      25  ]  [          ]
 BALL is 21   red  odd
 Win   75
 Bank roll   2175
 Peak roll   2175
    4 :-------------------------------------------------------------
Bet   50 on  [      25  ]  [          ]  [      25  ]
 BALL is 00
 Lose    50
 Bank roll   2025
    5 :-------------------------------------------------------------
Bet  150 on  [      75  ]  [          ]  [      75  ]
 BALL is 30   red even
 Win  225
 Bank roll   2250
 Peak roll   2250
    6 :-------------------------------------------------------------
Bet   50 on  [      25  ]  [      25  ]  [          ]
 BALL is 32   red even
 Lose    50
 Bank roll   2100
    7 :-------------------------------------------------------------
Bet  150 on  [      75  ]  [      75  ]  [          ]
 BALL is 29 black  odd
 Lose   150
 Bank roll   1650
    8 :-------------------------------------------------------------
Bet  450 on  [     225  ]  [     225  ]  [          ]
 BALL is 27   red  odd
 Lose   450
 Bank roll    300
    9 :-------------------------------------------------------------
Bet 1350 on  [     675  ]  [     675  ]  [          ]
 BALL is  6 black even
 Win 2025
 Bank roll   2325
 Peak roll   2325
   10 :-------------------------------------------------------------
Bet   50 on  [          ]  [      25  ]  [      25  ]
 BALL is  5   red  odd
 Lose    50
 Bank roll   2175
   11 :-------------------------------------------------------------
Bet  150 on  [          ]  [      75  ]  [      75  ]
 BALL is 12   red even
 Lose   150
 Bank roll   1725
   12 :-------------------------------------------------------------
Bet  450 on  [          ]  [     225  ]  [     225  ]
 BALL is 31 black  odd
 Win  675
 Bank roll   2400
 Peak roll   2400
   13 :-------------------------------------------------------------
Bet   50 on  [      25  ]  [      25  ]  [          ]
 BALL is 12   red even
 Win   75
 Bank roll   2475
 Peak roll   2475
   14 :-------------------------------------------------------------
Bet   50 on  [          ]  [      25  ]  [      25  ]
 BALL is 36   red even
 Win   75
 Bank roll   2550
 Peak roll   2550
   15 :-------------------------------------------------------------
Bet   50 on  [      25  ]  [      25  ]  [          ]
 BALL is 23   red  odd
 Win   75
 Bank roll   2625
 Peak roll   2625
   16 :-------------------------------------------------------------
Bet   50 on  [      25  ]  [          ]  [      25  ]
 BALL is  6 black even
 Win   75
 Bank roll   2700
 Peak roll   2700
   17 :-------------------------------------------------------------
Bet   50 on  [          ]  [      25  ]  [      25  ]
 BALL is 17 black  odd
 Win   75
 Bank roll   2775
 Peak roll   2775
   18 :-------------------------------------------------------------
Bet   50 on  [      25  ]  [          ]  [      25  ]
 BALL is  8 black even
 Win   75
 Bank roll   2850
 Peak roll   2850
   19 :-------------------------------------------------------------
Bet   50 on  [          ]  [      25  ]  [      25  ]
 BALL is 10 black even
 Lose    50
 Bank roll   2700
   20 :-------------------------------------------------------------
Bet  150 on  [          ]  [      75  ]  [      75  ]
 BALL is 12   red even
 Lose   150
 Bank roll   2250
   21 :-------------------------------------------------------------
Bet  450 on  [          ]  [     225  ]  [     225  ]
 BALL is 25   red  odd
 Win  675
 Bank roll   2925
 Peak roll   2925
   22 :-------------------------------------------------------------
Bet   50 on  [      25  ]  [      25  ]  [          ]
 BALL is 31 black  odd
 Lose    50
 Bank roll   2775
   23 :-------------------------------------------------------------
Bet  150 on  [      75  ]  [      75  ]  [          ]
 BALL is 35 black  odd
 Lose   150
 Bank roll   2325
   24 :-------------------------------------------------------------
Bet  450 on  [     225  ]  [     225  ]  [          ]
 BALL is  3   red  odd
 Win  675
 Bank roll   3000
 Peak roll   3000

FINAL :   3000 :  25 spins :   3000 max :   3 l_seq : 1
