INFO : num_pthreads is 16
INFO : req_element_num is 16777216
-------------------------------------------------------------
           system name = FreeBSD
             node name = vesta
               release = 12.1-RELEASE-p3
               version = FreeBSD 12.1-RELEASE-p3 GENERIC
               machine = amd64
             page size = 4096
          avail memory = 10328125440
                       = 10086060 kB
                       = 9849 MB
                endian = little endian
 sizeof(unsigned long) = 8
           sizeof(int) = 4
         sizeof(void*) = 8
     fp rounding mode is FE_TONEAREST
-------------------------------------------------------------
INFO : about to call q_create()
DBUG : my_q now exists at 0x80069b000

INFO : q_push(make_work) done
     : my_q->length = 1
INFO : q_push(make_work) done
     : my_q->length = 2
INFO : q_push(make_work) done
     : my_q->length = 3
INFO : q_push(make_work) done
     : my_q->length = 4
INFO : q_push(make_work) done
     : my_q->length = 5
INFO : q_push(make_work) done
     : my_q->length = 6
INFO : q_push(make_work) done
     : my_q->length = 7
INFO : q_push(make_work) done
     : my_q->length = 8
INFO : q_push(make_work) done
     : my_q->length = 9
INFO : q_push(make_work) done
     : my_q->length = 10
INFO : q_push(make_work) done
     : my_q->length = 11
INFO : q_push(make_work) done
     : my_q->length = 12
INFO : q_push(make_work) done
     : my_q->length = 13
INFO : q_push(make_work) done
     : my_q->length = 14
INFO : q_push(make_work) done
     : my_q->length = 15
INFO : q_push(make_work) done
     : my_q->length = 16
INFO : q_push(make_work) done
     : my_q->length = 17
INFO : q_push(make_work) done
     : my_q->length = 18
INFO : q_push(make_work) done
     : my_q->length = 19
INFO : q_push(make_work) done
     : my_q->length = 20
INFO : q_push(make_work) done
     : my_q->length = 21
INFO : q_push(make_work) done
     : my_q->length = 22
INFO : q_push(make_work) done
     : my_q->length = 23
INFO : q_push(make_work) done
     : my_q->length = 24
INFO : q_push(make_work) done
     : my_q->length = 25
INFO : q_push(make_work) done
     : my_q->length = 26
INFO : q_push(make_work) done
     : my_q->length = 27
INFO : q_push(make_work) done
     : my_q->length = 28
INFO : q_push(make_work) done
     : my_q->length = 29
INFO : q_push(make_work) done
     : my_q->length = 30
INFO : q_push(make_work) done
     : my_q->length = 31
INFO : q_push(make_work) done
     : my_q->length = 32
INFO : q_push(make_work) done
     : my_q->length = 33
INFO : q_push(make_work) done
     : my_q->length = 34
INFO : q_push(make_work) done
     : my_q->length = 35

DBUG : this thread id is   0


DBUG : this thread id is   1


DBUG : this thread id is   2


thr   2 : work   1 q_item   2


thr   0 : work   1 q_item   0


thr   1 : work   1 q_item   1


DBUG : this thread id is   3


thr   3 : work   1 q_item   3


DBUG : this thread id is   4


thr   4 : work   1 q_item   4


DBUG : this thread id is   5


thr   5 : work   1 q_item   5


DBUG : this thread id is   6


thr   6 : work   1 q_item   6


DBUG : this thread id is   7


thr   7 : work   1 q_item   7


DBUG : this thread id is   8


thr   8 : work   1 q_item   8


DBUG : this thread id is   9


thr   9 : work   1 q_item   9

calling for join on thread 0

DBUG : this thread id is  10


thr  10 : work   1 q_item  10


DBUG : this thread id is  13


thr  13 : work   1 q_item  11


DBUG : this thread id is  15


thr  15 : work   1 q_item  12


DBUG : this thread id is  14


thr  14 : work   1 q_item  13


DBUG : this thread id is  12


thr  12 : work   1 q_item  14


DBUG : this thread id is  11


thr  11 : work   1 q_item  15


thr   6 : fib(30 ) =       832040


thr   6 : work   2 q_item  16


thr   0 : fib(32 ) =      2178309


thr   0 : work   2 q_item  17


thr  15 : fib(31 ) =      1346269


thr  15 : work   2 q_item  18


thr  14 : fib(30 ) =       832040


thr  14 : work   2 q_item  19


thr   7 : fib(33 ) =      3524578


thr   7 : work   2 q_item  20


thr  15 : fib(33 ) =      3524578


thr  15 : work   3 q_item  21


thr   1 : fib(35 ) =      9227465


thr   1 : work   2 q_item  22


thr  13 : fib(36 ) =     14930352


thr  13 : work   2 q_item  23


thr  10 : fib(37 ) =     24157817


thr  10 : work   2 q_item  24


thr   8 : fib(36 ) =     14930352


thr   8 : work   2 q_item  25


thr   0 : fib(35 ) =      9227465


thr   0 : work   3 q_item  26


thr  14 : fib(34 ) =      5702887


thr  14 : work   3 q_item  27


thr   7 : fib(35 ) =      9227465


thr   7 : work   3 q_item  28


thr   8 : fib(30 ) =       832040


thr   8 : work   3 q_item  29


thr  12 : fib(37 ) =     24157817


thr  12 : work   2 q_item  30


thr   2 : fib(37 ) =     24157817


thr   2 : work   2 q_item  31


thr   0 : fib(33 ) =      3524578


thr   0 : work   4 q_item  32


thr   9 : fib(37 ) =     24157817


thr   9 : work   2 q_item  33


thr   1 : fib(34 ) =      5702887


thr   1 : work   3 q_item  34


thr  10 : fib(31 ) =      1346269


thr   2 : fib(30 ) =       832040


thr   0 : fib(33 ) =      3524578

join of thread 0 is now complete
calling for join on thread 1

thr   4 : fib(38 ) =     39088169


thr   7 : fib(35 ) =      9227465


thr   9 : fib(33 ) =      3524578


thr  12 : fib(35 ) =      9227465


thr  15 : fib(38 ) =     39088169


thr  11 : fib(39 ) =     63245986


thr  13 : fib(38 ) =     39088169


thr   3 : fib(39 ) =     63245986


thr   5 : fib(39 ) =     63245986


thr   6 : fib(39 ) =     63245986


thr  14 : fib(39 ) =     63245986


thr   8 : fib(39 ) =     63245986


thr   1 : fib(39 ) =     63245986

join of thread 1 is now complete
calling for join on thread 2
join of thread 2 is now complete
calling for join on thread 3
join of thread 3 is now complete
calling for join on thread 4
join of thread 4 is now complete
calling for join on thread 5
join of thread 5 is now complete
calling for join on thread 6
join of thread 6 is now complete
calling for join on thread 7
join of thread 7 is now complete
calling for join on thread 8
join of thread 8 is now complete
calling for join on thread 9
join of thread 9 is now complete
calling for join on thread 10
join of thread 10 is now complete
calling for join on thread 11
join of thread 11 is now complete
calling for join on thread 12
join of thread 12 is now complete
calling for join on thread 13
join of thread 13 is now complete
calling for join on thread 14
join of thread 14 is now complete
calling for join on thread 15
join of thread 15 is now complete
     : q_destroy(my_q) says 0 items were thrown away
